[debug] [2024-05-19T15:15:10.790Z] ----------------------------------------------------------------------
[debug] [2024-05-19T15:15:10.800Z] Command:       C:\Program Files\nodejs\node.exe C:\Users\Zannatul Ferdousi\AppData\Roaming\npm\node_modules\firebase-tools\lib\bin\firebase.js init
[debug] [2024-05-19T15:15:10.801Z] CLI Version:   13.9.0
[debug] [2024-05-19T15:15:10.802Z] Platform:      win32
[debug] [2024-05-19T15:15:10.803Z] Node Version:  v20.13.1
[debug] [2024-05-19T15:15:10.804Z] Time:          Sun May 19 2024 21:15:10 GMT+0600 (Bangladesh Standard Time)
[debug] [2024-05-19T15:15:10.804Z] ----------------------------------------------------------------------
[debug] 
[debug] [2024-05-19T15:15:11.648Z] > command requires scopes: ["email","openid","https://www.googleapis.com/auth/cloudplatformprojects.readonly","https://www.googleapis.com/auth/firebase","https://www.googleapis.com/auth/cloud-platform"]
[debug] [2024-05-19T15:15:11.662Z] > authorizing via signed-in user (shanzidadisha1234@gmail.com)
[info] 
     ######## #### ########  ######## ########     ###     ######  ########
     ##        ##  ##     ## ##       ##     ##  ##   ##  ##       ##
     ######    ##  ########  ######   ########  #########  ######  ######
     ##        ##  ##    ##  ##       ##     ## ##     ##       ## ##
     ##       #### ##     ## ######## ########  ##     ##  ######  ########

You're about to initialize a Firebase project in this directory:

  I:\Job task\Tech Analytica\e-commerce-site

Before we get started, keep in mind:

  * You are initializing within an existing Firebase project directory

